<?xml version="1.0" encoding="UTF-8"?>
<!-- Generated by org.testng.reporters.JUnitReportReporter -->
<testsuite hostname="Musheer" failures="0" tests="1" name="Testing.WindowsHandle" time="27.917" errors="0" timestamp="2022-03-05T03:28:22 IST" skipped="0">
  <testcase classname="Testing.WindowsHandle" name="f" time="27.917"/>
  <system-out/>
</testsuite> <!-- Testing.WindowsHandle -->
