<?xml version="1.0" encoding="UTF-8"?>
<!-- Generated by org.testng.reporters.JUnitReportReporter -->
<testsuite hostname="Musheer" failures="0" tests="1" name="NewTest" time="14.146" errors="0" timestamp="2022-03-02T02:49:35 IST" skipped="0">
  <testcase classname="NewTest" name="test" time="14.146"/>
  <system-out/>
</testsuite> <!-- NewTest -->
