<?xml version="1.0" encoding="UTF-8"?>
<!-- Generated by org.testng.reporters.JUnitReportReporter -->
<testsuite hostname="Musheer" failures="0" tests="1" name="Testing.NewTest1" time="22.982" errors="0" timestamp="2022-03-02T02:57:18 IST" skipped="0">
  <testcase classname="Testing.NewTest1" name="test" time="22.982"/>
  <system-out/>
</testsuite> <!-- Testing.NewTest1 -->
