<?xml version="1.0" encoding="UTF-8"?>
<!-- Generated by org.testng.reporters.JUnitReportReporter -->
<testsuite hostname="Musheer" failures="0" tests="1" name="Testing.Ctrlplusclick" time="22.804" errors="0" timestamp="2022-03-09T01:10:55 IST" skipped="0">
  <testcase classname="Testing.Ctrlplusclick" name="f" time="22.804"/>
  <system-out/>
</testsuite> <!-- Testing.Ctrlplusclick -->
