<?xml version="1.0" encoding="UTF-8"?>
<!-- Generated by org.testng.reporters.JUnitReportReporter -->
<testsuite hostname="Musheer" failures="0" tests="1" name="Testing.RobotClass" time="6.143" errors="0" timestamp="2022-03-05T02:38:58 IST" skipped="0">
  <testcase classname="Testing.RobotClass" name="f" time="6.143"/>
  <system-out/>
</testsuite> <!-- Testing.RobotClass -->
