<?xml version="1.0" encoding="UTF-8"?>
<!-- Generated by org.testng.reporters.JUnitReportReporter -->
<testsuite hostname="Musheer" failures="0" tests="1" name="Testing.NewTest" time="20.429" errors="0" timestamp="2022-03-02T02:57:18 IST" skipped="0">
  <testcase classname="Testing.NewTest" name="test" time="20.429"/>
  <system-out/>
</testsuite> <!-- Testing.NewTest -->
