<?xml version="1.0" encoding="UTF-8"?>
<!-- Generated by org.testng.reporters.JUnitReportReporter -->
<testsuite hostname="Musheer" failures="0" tests="1" name="Testing.download" time="13.220" errors="0" timestamp="2022-03-09T00:17:16 IST" skipped="0">
  <testcase classname="Testing.download" name="f" time="13.220"/>
  <system-out/>
</testsuite> <!-- Testing.download -->
