<?xml version="1.0" encoding="UTF-8"?>
<!-- Generated by org.testng.reporters.JUnitReportReporter -->
<testsuite hostname="Musheer" failures="0" tests="1" name="Testing.NewTest2" time="14.069" errors="0" timestamp="2022-03-02T04:21:57 IST" skipped="0">
  <testcase classname="Testing.NewTest2" name="f" time="14.069"/>
  <system-out/>
</testsuite> <!-- Testing.NewTest2 -->
